{"contracts\\dev\\mock\\MockCasper.sol":{"l":{"15":0,"16":0,"22":0,"24":0,"25":0,"35":0,"39":0},"path":"D:/Baksteen/divisions/contracts/dev/mock/MockCasper.sol","s":{"1":0,"2":0,"3":0,"4":0,"5":0,"6":0,"7":0,"8":0,"9":0,"10":0,"11":0},"b":{"1":[0,0]},"f":{"1":0,"2":0,"3":0,"4":0,"5":0},"fnMap":{"1":{"name":"MockCasper","line":14,"loc":{"start":{"line":14,"column":4},"end":{"line":14,"column":76}}},"2":{"name":"deposit","line":19,"loc":{"start":{"line":19,"column":4},"end":{"line":19,"column":83}}},"3":{"name":"vote","line":38,"loc":{"start":{"line":38,"column":4},"end":{"line":38,"column":38}}},"4":{"name":"logout","line":43,"loc":{"start":{"line":43,"column":4},"end":{"line":43,"column":42}}},"5":{"name":"withdraw","line":47,"loc":{"start":{"line":47,"column":4},"end":{"line":47,"column":50}}}},"statementMap":{"1":{"start":{"line":15,"column":8},"end":{"line":15,"column":43}},"2":{"start":{"line":16,"column":8},"end":{"line":16,"column":35}},"3":{"start":{"line":20,"column":13},"end":{"line":20,"column":70}},"4":{"start":{"line":22,"column":8},"end":{"line":22,"column":41}},"5":{"start":{"line":24,"column":8},"end":{"line":24,"column":64}},"6":{"start":{"line":25,"column":8},"end":{"line":25,"column":1017}},"7":{"start":{"line":33,"column":13},"end":{"line":33,"column":104}},"8":{"start":{"line":39,"column":8},"end":{"line":39,"column":64}},"9":{"start":{"line":40,"column":13},"end":{"line":40,"column":32}},"10":{"start":{"line":44,"column":13},"end":{"line":44,"column":36}},"11":{"start":{"line":48,"column":13},"end":{"line":48,"column":43}}},"branchMap":{"1":{"line":39,"type":"if","locations":[{"start":{"line":39,"column":8},"end":{"line":39,"column":8}},{"start":{"line":39,"column":8},"end":{"line":39,"column":8}}]}}},"contracts\\dev\\mock\\MockDivisionsToken.sol":{"l":{"8":0,"9":0,"14":0,"15":0,"23":0},"path":"D:/Baksteen/divisions/contracts/dev/mock/MockDivisionsToken.sol","s":{"1":0,"2":0,"3":0,"4":0,"5":0,"6":0,"7":0,"8":0},"b":{},"f":{"1":0,"2":0,"3":0},"fnMap":{"1":{"name":"mint","line":7,"loc":{"start":{"line":7,"column":4},"end":{"line":7,"column":52}}},"2":{"name":"burn","line":13,"loc":{"start":{"line":13,"column":4},"end":{"line":13,"column":39}}},"3":{"name":"transferMintership","line":20,"loc":{"start":{"line":20,"column":4},"end":{"line":20,"column":63}}}},"statementMap":{"1":{"start":{"line":8,"column":8},"end":{"line":8,"column":47}},"2":{"start":{"line":9,"column":8},"end":{"line":9,"column":49}},"3":{"start":{"line":11,"column":13},"end":{"line":11,"column":30}},"4":{"start":{"line":14,"column":8},"end":{"line":14,"column":55}},"5":{"start":{"line":15,"column":8},"end":{"line":15,"column":47}},"6":{"start":{"line":17,"column":13},"end":{"line":17,"column":25}},"7":{"start":{"line":21,"column":13},"end":{"line":21,"column":50}},"8":{"start":{"line":23,"column":8},"end":{"line":23,"column":23}}},"branchMap":{}},"contracts\\dev\\mock\\MockStakeManager.sol":{"l":{},"path":"D:/Baksteen/divisions/contracts/dev/mock/MockStakeManager.sol","s":{},"b":{},"f":{"1":0,"2":0,"3":0,"4":0,"5":0,"6":0,"7":0},"fnMap":{"1":{"name":"transferValidatorship","line":7,"loc":{"start":{"line":7,"column":4},"end":{"line":7,"column":73}}},"2":{"name":"setTreasury","line":11,"loc":{"start":{"line":11,"column":4},"end":{"line":11,"column":64}}},"3":{"name":"getStakeAmount","line":15,"loc":{"start":{"line":15,"column":4},"end":{"line":15,"column":56}}},"4":{"name":"makeStakeDeposit","line":18,"loc":{"start":{"line":18,"column":4},"end":{"line":18,"column":37}}},"5":{"name":"vote","line":24,"loc":{"start":{"line":24,"column":4},"end":{"line":32,"column":5}}},"6":{"name":"getVoteMessage","line":36,"loc":{"start":{"line":36,"column":4},"end":{"line":46,"column":5}}},"7":{"name":"withdrawalBoxesCount","line":50,"loc":{"start":{"line":50,"column":4},"end":{"line":50,"column":65}}}},"statementMap":{},"branchMap":{}},"contracts\\dev\\mock\\MockTreasury.sol":{"l":{"9":0,"15":0,"19":0},"path":"D:/Baksteen/divisions/contracts/dev/mock/MockTreasury.sol","s":{"1":0,"2":0,"3":0},"b":{},"f":{"1":0,"2":0,"3":0,"4":0,"5":0,"6":0},"fnMap":{"1":{"name":"MockTreasury","line":8,"loc":{"start":{"line":8,"column":4},"end":{"line":8,"column":47}}},"2":{"name":null,"line":12,"loc":{"start":{"line":12,"column":4},"end":{"line":12,"column":29}}},"3":{"name":"transferTreasurership","line":14,"loc":{"start":{"line":14,"column":4},"end":{"line":14,"column":69}}},"4":{"name":"transfer","line":18,"loc":{"start":{"line":18,"column":4},"end":{"line":18,"column":58}}},"5":{"name":"deposit","line":21,"loc":{"start":{"line":21,"column":4},"end":{"line":21,"column":37}}},"6":{"name":"stake","line":24,"loc":{"start":{"line":24,"column":4},"end":{"line":24,"column":100}}}},"statementMap":{"1":{"start":{"line":9,"column":8},"end":{"line":9,"column":23}},"2":{"start":{"line":15,"column":8},"end":{"line":15,"column":29}},"3":{"start":{"line":25,"column":13},"end":{"line":25,"column":67}}},"branchMap":{}},"contracts\\divisions\\exchange\\Exchange.sol":{"l":{"66":0,"67":0,"71":0,"74":0,"78":0,"81":0,"92":0,"95":0,"99":0,"102":0},"path":"D:/Baksteen/divisions/contracts/divisions/exchange/Exchange.sol","s":{"1":0,"2":0,"3":0,"4":0,"5":0,"6":0,"7":0,"8":0,"9":0,"10":0},"b":{},"f":{"1":0,"2":0,"3":0,"4":0,"5":0,"6":0,"7":0,"8":0,"9":0,"10":0,"11":0,"12":0,"13":0,"14":0,"15":0,"16":0,"17":0,"18":0},"fnMap":{"1":{"name":"Exchange","line":65,"loc":{"start":{"line":65,"column":4},"end":{"line":65,"column":82}}},"2":{"name":"buyOrdersLength","line":70,"loc":{"start":{"line":70,"column":4},"end":{"line":70,"column":58}}},"3":{"name":"sellOrdersLength","line":73,"loc":{"start":{"line":73,"column":4},"end":{"line":73,"column":59}}},"4":{"name":"weiReserve","line":77,"loc":{"start":{"line":77,"column":4},"end":{"line":77,"column":53}}},"5":{"name":"divReserve","line":80,"loc":{"start":{"line":80,"column":4},"end":{"line":80,"column":53}}},"6":{"name":"placeBuyOrder","line":84,"loc":{"start":{"line":84,"column":4},"end":{"line":84,"column":43}}},"7":{"name":"placeSellOrder","line":87,"loc":{"start":{"line":87,"column":4},"end":{"line":87,"column":36}}},"8":{"name":"canFillBuyOrderAmount","line":91,"loc":{"start":{"line":91,"column":4},"end":{"line":91,"column":78}}},"9":{"name":"canFillSellOrderAmount","line":94,"loc":{"start":{"line":94,"column":4},"end":{"line":94,"column":79}}},"10":{"name":"getBuyOrder","line":98,"loc":{"start":{"line":98,"column":4},"end":{"line":98,"column":94}}},"11":{"name":"getSellOrder","line":101,"loc":{"start":{"line":101,"column":4},"end":{"line":101,"column":95}}},"12":{"name":"fillBuyOrder","line":105,"loc":{"start":{"line":105,"column":4},"end":{"line":105,"column":48}}},"13":{"name":"fillSellOrder","line":108,"loc":{"start":{"line":108,"column":4},"end":{"line":108,"column":49}}},"14":{"name":"divPrice","line":112,"loc":{"start":{"line":112,"column":4},"end":{"line":112,"column":51}}},"15":{"name":"toDiv","line":116,"loc":{"start":{"line":116,"column":4},"end":{"line":116,"column":66}}},"16":{"name":"toWei","line":119,"loc":{"start":{"line":119,"column":4},"end":{"line":119,"column":66}}},"17":{"name":"transferWeiToTreasury","line":123,"loc":{"start":{"line":123,"column":4},"end":{"line":123,"column":57}}},"18":{"name":"handleDepositFromTreasury","line":126,"loc":{"start":{"line":126,"column":4},"end":{"line":126,"column":55}}}},"statementMap":{"1":{"start":{"line":66,"column":8},"end":{"line":66,"column":27}},"2":{"start":{"line":67,"column":8},"end":{"line":67,"column":35}},"3":{"start":{"line":71,"column":8},"end":{"line":71,"column":16}},"4":{"start":{"line":74,"column":8},"end":{"line":74,"column":16}},"5":{"start":{"line":78,"column":8},"end":{"line":78,"column":16}},"6":{"start":{"line":81,"column":8},"end":{"line":81,"column":16}},"7":{"start":{"line":92,"column":8},"end":{"line":92,"column":16}},"8":{"start":{"line":95,"column":8},"end":{"line":95,"column":16}},"9":{"start":{"line":99,"column":8},"end":{"line":99,"column":40}},"10":{"start":{"line":102,"column":8},"end":{"line":102,"column":40}}},"branchMap":{}},"contracts\\divisions\\stake\\ACasper.sol":{"l":{},"path":"D:/Baksteen/divisions/contracts/divisions/stake/ACasper.sol","s":{},"b":{},"f":{},"fnMap":{},"statementMap":{},"branchMap":{}},"contracts\\divisions\\stake\\StakeManager.sol":{"l":{"76":0,"77":0,"78":0,"79":0,"83":0,"85":0,"89":0,"91":0,"96":0,"100":0,"101":0,"106":0,"108":0,"110":0,"112":0,"126":0,"140":0,"141":0,"162":0,"164":0,"174":0,"178":0,"179":0},"path":"D:/Baksteen/divisions/contracts/divisions/stake/StakeManager.sol","s":{"1":0,"2":0,"3":0,"4":0,"5":0,"6":0,"7":0,"8":0,"9":0,"10":0,"11":0,"12":0,"13":0,"14":0,"15":0,"16":0,"17":0,"18":0,"19":0,"20":0,"21":0,"22":0,"23":0},"b":{"1":[0,0],"2":[0,0],"3":[0,0]},"f":{"1":0,"2":0,"3":0,"4":0,"5":0,"6":0,"7":0,"8":0,"9":0,"10":0,"11":0},"fnMap":{"1":{"name":"StakeManager","line":68,"loc":{"start":{"line":68,"column":4},"end":{"line":75,"column":5}}},"2":{"name":"transferValidatorship","line":82,"loc":{"start":{"line":82,"column":4},"end":{"line":82,"column":73}}},"3":{"name":"setTreasury","line":88,"loc":{"start":{"line":88,"column":4},"end":{"line":88,"column":64}}},"4":{"name":"getStakeAmount","line":94,"loc":{"start":{"line":94,"column":4},"end":{"line":94,"column":57}}},"5":{"name":"logoutEpoch","line":99,"loc":{"start":{"line":99,"column":4},"end":{"line":99,"column":54}}},"6":{"name":"makeStakeDeposit","line":104,"loc":{"start":{"line":104,"column":4},"end":{"line":104,"column":38}}},"7":{"name":"setLogoutMessage","line":117,"loc":{"start":{"line":117,"column":4},"end":{"line":125,"column":5}}},"8":{"name":"vote","line":130,"loc":{"start":{"line":130,"column":4},"end":{"line":139,"column":5}}},"9":{"name":"getVoteMessage","line":151,"loc":{"start":{"line":151,"column":4},"end":{"line":161,"column":5}}},"10":{"name":"withdrawalBoxesCount","line":173,"loc":{"start":{"line":173,"column":4},"end":{"line":173,"column":64}}},"11":{"name":"onlyValidator","line":177,"loc":{"start":{"line":177,"column":4},"end":{"line":177,"column":26}}}},"statementMap":{"1":{"start":{"line":76,"column":8},"end":{"line":76,"column":23}},"2":{"start":{"line":77,"column":8},"end":{"line":77,"column":29}},"3":{"start":{"line":78,"column":8},"end":{"line":78,"column":27}},"4":{"start":{"line":79,"column":8},"end":{"line":79,"column":47}},"5":{"start":{"line":83,"column":8},"end":{"line":83,"column":40}},"6":{"start":{"line":84,"column":13},"end":{"line":84,"column":59}},"7":{"start":{"line":85,"column":8},"end":{"line":85,"column":29}},"8":{"start":{"line":89,"column":8},"end":{"line":89,"column":39}},"9":{"start":{"line":90,"column":13},"end":{"line":90,"column":44}},"10":{"start":{"line":91,"column":8},"end":{"line":91,"column":27}},"11":{"start":{"line":96,"column":8},"end":{"line":96,"column":40}},"12":{"start":{"line":100,"column":8},"end":{"line":100,"column":61}},"13":{"start":{"line":101,"column":8},"end":{"line":101,"column":60}},"14":{"start":{"line":106,"column":8},"end":{"line":106,"column":79}},"15":{"start":{"line":108,"column":8},"end":{"line":108,"column":45}},"16":{"start":{"line":114,"column":13},"end":{"line":114,"column":48}},"17":{"start":{"line":127,"column":13},"end":{"line":127,"column":82}},"18":{"start":{"line":141,"column":8},"end":{"line":141,"column":4469}},"19":{"start":{"line":148,"column":13},"end":{"line":148,"column":91}},"20":{"start":{"line":162,"column":8},"end":{"line":162,"column":73}},"21":{"start":{"line":164,"column":8},"end":{"line":164,"column":5168}},"22":{"start":{"line":174,"column":8},"end":{"line":174,"column":37}},"23":{"start":{"line":178,"column":8},"end":{"line":178,"column":39}}},"branchMap":{"1":{"line":83,"type":"if","locations":[{"start":{"line":83,"column":8},"end":{"line":83,"column":8}},{"start":{"line":83,"column":8},"end":{"line":83,"column":8}}]},"2":{"line":89,"type":"if","locations":[{"start":{"line":89,"column":8},"end":{"line":89,"column":8}},{"start":{"line":89,"column":8},"end":{"line":89,"column":8}}]},"3":{"line":178,"type":"if","locations":[{"start":{"line":178,"column":8},"end":{"line":178,"column":8}},{"start":{"line":178,"column":8},"end":{"line":178,"column":8}}]}}},"contracts\\divisions\\stake\\Treasury.sol":{"l":{"33":0,"41":0,"44":0,"48":0,"53":0,"57":0,"66":0,"67":0},"path":"D:/Baksteen/divisions/contracts/divisions/stake/Treasury.sol","s":{"1":0,"2":0,"3":0,"4":0,"5":0,"6":0,"7":0,"8":0,"9":0,"10":0},"b":{"1":[0,0],"2":[0,0]},"f":{"1":0,"2":0,"3":0,"4":0,"5":0,"6":0,"7":0,"8":0},"fnMap":{"1":{"name":"Treasury","line":32,"loc":{"start":{"line":32,"column":4},"end":{"line":32,"column":43}}},"2":{"name":null,"line":36,"loc":{"start":{"line":36,"column":4},"end":{"line":36,"column":29}}},"3":{"name":"transferTreasurership","line":40,"loc":{"start":{"line":40,"column":4},"end":{"line":40,"column":69}}},"4":{"name":"transfer","line":47,"loc":{"start":{"line":47,"column":4},"end":{"line":47,"column":72}}},"5":{"name":"deposit","line":52,"loc":{"start":{"line":52,"column":4},"end":{"line":52,"column":37}}},"6":{"name":"stake","line":56,"loc":{"start":{"line":56,"column":4},"end":{"line":56,"column":114}}},"7":{"name":"handleDeposit","line":61,"loc":{"start":{"line":61,"column":4},"end":{"line":61,"column":64}}},"8":{"name":"onlyTreasurer","line":65,"loc":{"start":{"line":65,"column":4},"end":{"line":65,"column":26}}}},"statementMap":{"1":{"start":{"line":33,"column":8},"end":{"line":33,"column":23}},"2":{"start":{"line":37,"column":13},"end":{"line":37,"column":42}},"3":{"start":{"line":41,"column":8},"end":{"line":41,"column":40}},"4":{"start":{"line":43,"column":13},"end":{"line":43,"column":59}},"5":{"start":{"line":44,"column":8},"end":{"line":44,"column":29}},"6":{"start":{"line":49,"column":13},"end":{"line":49,"column":34}},"7":{"start":{"line":53,"column":8},"end":{"line":53,"column":43}},"8":{"start":{"line":58,"column":13},"end":{"line":58,"column":61}},"9":{"start":{"line":62,"column":13},"end":{"line":62,"column":34}},"10":{"start":{"line":66,"column":8},"end":{"line":66,"column":39}}},"branchMap":{"1":{"line":41,"type":"if","locations":[{"start":{"line":41,"column":8},"end":{"line":41,"column":8}},{"start":{"line":41,"column":8},"end":{"line":41,"column":8}}]},"2":{"line":66,"type":"if","locations":[{"start":{"line":66,"column":8},"end":{"line":66,"column":8}},{"start":{"line":66,"column":8},"end":{"line":66,"column":8}}]}}},"contracts\\divisions\\stake\\WithdrawalBox.sol":{"l":{"28":0,"30":0,"31":0,"32":0,"33":0,"41":0,"42":0,"47":0,"57":0,"58":0},"path":"D:/Baksteen/divisions/contracts/divisions/stake/WithdrawalBox.sol","s":{"1":0,"2":0,"3":0,"4":0,"5":0,"6":0,"7":0,"8":0,"9":0,"10":0,"11":0},"b":{"1":[0,0],"2":[0,0]},"f":{"1":0,"2":0,"3":0,"4":0,"5":0},"fnMap":{"1":{"name":"WithdrawalBox","line":27,"loc":{"start":{"line":27,"column":4},"end":{"line":27,"column":73}}},"2":{"name":null,"line":36,"loc":{"start":{"line":36,"column":4},"end":{"line":36,"column":27}}},"3":{"name":"sweep","line":40,"loc":{"start":{"line":40,"column":4},"end":{"line":40,"column":27}}},"4":{"name":"setLogoutMessage","line":46,"loc":{"start":{"line":46,"column":4},"end":{"line":46,"column":113}}},"5":{"name":"onlyStakeManager","line":56,"loc":{"start":{"line":56,"column":4},"end":{"line":56,"column":27}}}},"statementMap":{"1":{"start":{"line":28,"column":8},"end":{"line":28,"column":40}},"2":{"start":{"line":30,"column":8},"end":{"line":30,"column":33}},"3":{"start":{"line":31,"column":8},"end":{"line":31,"column":32}},"4":{"start":{"line":32,"column":8},"end":{"line":32,"column":29}},"5":{"start":{"line":33,"column":8},"end":{"line":33,"column":32}},"6":{"start":{"line":37,"column":13},"end":{"line":37,"column":36}},"7":{"start":{"line":41,"column":8},"end":{"line":41,"column":46}},"8":{"start":{"line":43,"column":13},"end":{"line":43,"column":26}},"9":{"start":{"line":47,"column":8},"end":{"line":47,"column":1368}},"10":{"start":{"line":53,"column":13},"end":{"line":53,"column":66}},"11":{"start":{"line":57,"column":8},"end":{"line":57,"column":42}}},"branchMap":{"1":{"line":28,"type":"if","locations":[{"start":{"line":28,"column":8},"end":{"line":28,"column":8}},{"start":{"line":28,"column":8},"end":{"line":28,"column":8}}]},"2":{"line":57,"type":"if","locations":[{"start":{"line":57,"column":8},"end":{"line":57,"column":8}},{"start":{"line":57,"column":8},"end":{"line":57,"column":8}}]}}},"contracts\\divisions\\token\\DivisionsToken.sol":{"l":{"28":0,"29":0,"30":0,"38":0,"39":0,"41":0,"42":0,"49":0,"50":0,"52":0,"53":0,"59":0,"63":0,"67":0,"68":0},"path":"D:/Baksteen/divisions/contracts/divisions/token/DivisionsToken.sol","s":{"1":0,"2":0,"3":0,"4":0,"5":0,"6":0,"7":0,"8":0,"9":0,"10":0,"11":0,"12":0,"13":0,"14":0,"15":0,"16":0,"17":0},"b":{"1":[0,0],"2":[0,0],"3":[0,0],"4":[0,0],"5":[0,0],"6":[0,0]},"f":{"1":0,"2":0,"3":0,"4":0,"5":0,"6":0},"fnMap":{"1":{"name":"DivisionsToken","line":27,"loc":{"start":{"line":27,"column":4},"end":{"line":27,"column":34}}},"2":{"name":null,"line":34,"loc":{"start":{"line":34,"column":4},"end":{"line":34,"column":19}}},"3":{"name":"mint","line":37,"loc":{"start":{"line":37,"column":4},"end":{"line":37,"column":63}}},"4":{"name":"burn","line":48,"loc":{"start":{"line":48,"column":4},"end":{"line":48,"column":50}}},"5":{"name":"transferMintership","line":58,"loc":{"start":{"line":58,"column":4},"end":{"line":58,"column":63}}},"6":{"name":"onlyMinter","line":66,"loc":{"start":{"line":66,"column":4},"end":{"line":66,"column":23}}}},"statementMap":{"1":{"start":{"line":28,"column":8},"end":{"line":28,"column":21}},"2":{"start":{"line":29,"column":8},"end":{"line":29,"column":25}},"3":{"start":{"line":30,"column":8},"end":{"line":30,"column":20}},"4":{"start":{"line":38,"column":8},"end":{"line":38,"column":27}},"5":{"start":{"line":39,"column":8},"end":{"line":39,"column":33}},"6":{"start":{"line":41,"column":8},"end":{"line":41,"column":47}},"7":{"start":{"line":42,"column":8},"end":{"line":42,"column":49}},"8":{"start":{"line":44,"column":13},"end":{"line":44,"column":30}},"9":{"start":{"line":49,"column":8},"end":{"line":49,"column":27}},"10":{"start":{"line":50,"column":8},"end":{"line":50,"column":44}},"11":{"start":{"line":52,"column":8},"end":{"line":52,"column":55}},"12":{"start":{"line":53,"column":8},"end":{"line":53,"column":47}},"13":{"start":{"line":55,"column":13},"end":{"line":55,"column":25}},"14":{"start":{"line":59,"column":8},"end":{"line":59,"column":37}},"15":{"start":{"line":61,"column":13},"end":{"line":61,"column":50}},"16":{"start":{"line":63,"column":8},"end":{"line":63,"column":23}},"17":{"start":{"line":67,"column":8},"end":{"line":67,"column":36}}},"branchMap":{"1":{"line":38,"type":"if","locations":[{"start":{"line":38,"column":8},"end":{"line":38,"column":8}},{"start":{"line":38,"column":8},"end":{"line":38,"column":8}}]},"2":{"line":39,"type":"if","locations":[{"start":{"line":39,"column":8},"end":{"line":39,"column":8}},{"start":{"line":39,"column":8},"end":{"line":39,"column":8}}]},"3":{"line":49,"type":"if","locations":[{"start":{"line":49,"column":8},"end":{"line":49,"column":8}},{"start":{"line":49,"column":8},"end":{"line":49,"column":8}}]},"4":{"line":50,"type":"if","locations":[{"start":{"line":50,"column":8},"end":{"line":50,"column":8}},{"start":{"line":50,"column":8},"end":{"line":50,"column":8}}]},"5":{"line":59,"type":"if","locations":[{"start":{"line":59,"column":8},"end":{"line":59,"column":8}},{"start":{"line":59,"column":8},"end":{"line":59,"column":8}}]},"6":{"line":67,"type":"if","locations":[{"start":{"line":67,"column":8},"end":{"line":67,"column":8}},{"start":{"line":67,"column":8},"end":{"line":67,"column":8}}]}}},"contracts\\lib\\DummyCasper.sol":{"l":{"88":0,"93":0,"98":0,"104":0,"109":0,"114":0,"119":0,"124":0,"129":0,"134":0,"142":0,"144":0,"146":0,"154":0,"155":0,"156":0,"158":0,"166":0,"168":0,"170":0,"172":0,"173":0,"175":0,"181":0,"183":0,"185":0,"187":0,"189":0,"195":0,"204":0,"206":0,"208":0,"213":0,"214":0,"215":0,"216":0,"217":0,"223":0,"228":0,"230":0,"231":0,"232":0,"233":0,"234":0,"239":0},"path":"D:/Baksteen/divisions/contracts/lib/DummyCasper.sol","s":{"1":0,"2":0,"3":0,"4":0,"5":0,"6":0,"7":0,"8":0,"9":0,"10":0,"11":0,"12":0,"13":0,"14":0,"15":0,"16":0,"17":0,"18":0,"19":0,"20":0,"21":0,"22":0,"23":0,"24":0,"25":0,"26":0,"27":0,"28":0,"29":0,"30":0,"31":0,"32":0,"33":0,"34":0,"35":0,"36":0,"37":0,"38":0,"39":0,"40":0,"41":0,"42":0,"43":0,"44":0,"45":0},"b":{"1":[0,0],"2":[0,0],"3":[0,0],"4":[0,0],"5":[0,0],"6":[0,0]},"f":{"1":0,"2":0,"3":0,"4":0,"5":0,"6":0,"7":0,"8":0,"9":0,"10":0,"11":0,"12":0,"13":0,"14":0,"15":0,"16":0,"17":0,"18":0,"19":0},"fnMap":{"1":{"name":"DummyCasper","line":80,"loc":{"start":{"line":80,"column":4},"end":{"line":80,"column":31}}},"2":{"name":null,"line":83,"loc":{"start":{"line":83,"column":4},"end":{"line":83,"column":27}}},"3":{"name":"get_validator_indexes","line":87,"loc":{"start":{"line":87,"column":4},"end":{"line":87,"column":86}}},"4":{"name":"get_current_epoch","line":92,"loc":{"start":{"line":92,"column":4},"end":{"line":92,"column":59}}},"5":{"name":"get_dynasty","line":97,"loc":{"start":{"line":97,"column":4},"end":{"line":97,"column":53}}},"6":{"name":"get_deposit_size","line":102,"loc":{"start":{"line":102,"column":4},"end":{"line":102,"column":81}}},"7":{"name":"get_validators__dynasty_start","line":108,"loc":{"start":{"line":108,"column":4},"end":{"line":108,"column":95}}},"8":{"name":"get_validators__dynasty_end","line":113,"loc":{"start":{"line":113,"column":4},"end":{"line":113,"column":93}}},"9":{"name":"get_validators__addr","line":118,"loc":{"start":{"line":118,"column":4},"end":{"line":118,"column":86}}},"10":{"name":"get_validators__withdrawal_address","line":123,"loc":{"start":{"line":123,"column":4},"end":{"line":123,"column":100}}},"11":{"name":"get_withdrawal_delay","line":128,"loc":{"start":{"line":128,"column":4},"end":{"line":128,"column":62}}},"12":{"name":"get_dynasty_start_epoch","line":133,"loc":{"start":{"line":133,"column":4},"end":{"line":133,"column":82}}},"13":{"name":"deposit","line":138,"loc":{"start":{"line":138,"column":4},"end":{"line":138,"column":88}}},"14":{"name":"logout","line":164,"loc":{"start":{"line":164,"column":4},"end":{"line":164,"column":42}}},"15":{"name":"withdraw","line":179,"loc":{"start":{"line":179,"column":4},"end":{"line":179,"column":65}}},"16":{"name":"delete_validator","line":212,"loc":{"start":{"line":212,"column":4},"end":{"line":212,"column":60}}},"17":{"name":"set_increment_epoch","line":221,"loc":{"start":{"line":221,"column":4},"end":{"line":221,"column":49}}},"18":{"name":"set_increment_dynasty","line":227,"loc":{"start":{"line":227,"column":4},"end":{"line":227,"column":51}}},"19":{"name":"set_simulate_penalties","line":238,"loc":{"start":{"line":238,"column":4},"end":{"line":238,"column":64}}}},"statementMap":{"1":{"start":{"line":88,"column":8},"end":{"line":88,"column":49}},"2":{"start":{"line":93,"column":8},"end":{"line":93,"column":28}},"3":{"start":{"line":98,"column":8},"end":{"line":98,"column":22}},"4":{"start":{"line":104,"column":8},"end":{"line":104,"column":50}},"5":{"start":{"line":109,"column":8},"end":{"line":109,"column":56}},"6":{"start":{"line":114,"column":8},"end":{"line":114,"column":54}},"7":{"start":{"line":119,"column":8},"end":{"line":119,"column":47}},"8":{"start":{"line":124,"column":8},"end":{"line":124,"column":58}},"9":{"start":{"line":129,"column":8},"end":{"line":129,"column":31}},"10":{"start":{"line":134,"column":8},"end":{"line":134,"column":44}},"11":{"start":{"line":142,"column":8},"end":{"line":142,"column":55}},"12":{"start":{"line":144,"column":8},"end":{"line":144,"column":44}},"13":{"start":{"line":146,"column":8},"end":{"line":146,"column":6642}},"14":{"start":{"line":154,"column":8},"end":{"line":154,"column":67}},"15":{"start":{"line":155,"column":8},"end":{"line":155,"column":32}},"16":{"start":{"line":156,"column":8},"end":{"line":156,"column":49}},"17":{"start":{"line":158,"column":8},"end":{"line":158,"column":73}},"18":{"start":{"line":166,"column":8},"end":{"line":166,"column":24}},"19":{"start":{"line":168,"column":8},"end":{"line":168,"column":62}},"20":{"start":{"line":170,"column":8},"end":{"line":170,"column":68}},"21":{"start":{"line":172,"column":8},"end":{"line":172,"column":60}},"22":{"start":{"line":173,"column":8},"end":{"line":173,"column":75}},"23":{"start":{"line":175,"column":8},"end":{"line":175,"column":30}},"24":{"start":{"line":181,"column":8},"end":{"line":181,"column":69}},"25":{"start":{"line":183,"column":8},"end":{"line":183,"column":68}},"26":{"start":{"line":185,"column":8},"end":{"line":185,"column":46}},"27":{"start":{"line":187,"column":8},"end":{"line":187,"column":8650}},"28":{"start":{"line":189,"column":12},"end":{"line":189,"column":88}},"29":{"start":{"line":195,"column":12},"end":{"line":195,"column":88}},"30":{"start":{"line":204,"column":8},"end":{"line":204,"column":92}},"31":{"start":{"line":206,"column":8},"end":{"line":206,"column":40}},"32":{"start":{"line":208,"column":8},"end":{"line":208,"column":96}},"33":{"start":{"line":213,"column":8},"end":{"line":213,"column":46}},"34":{"start":{"line":214,"column":8},"end":{"line":214,"column":52}},"35":{"start":{"line":215,"column":8},"end":{"line":215,"column":50}},"36":{"start":{"line":216,"column":8},"end":{"line":216,"column":43}},"37":{"start":{"line":217,"column":8},"end":{"line":217,"column":54}},"38":{"start":{"line":223,"column":8},"end":{"line":223,"column":25}},"39":{"start":{"line":228,"column":8},"end":{"line":228,"column":19}},"40":{"start":{"line":230,"column":8},"end":{"line":230,"column":51}},"41":{"start":{"line":231,"column":8},"end":{"line":231,"column":53}},"42":{"start":{"line":232,"column":8},"end":{"line":232,"column":54}},"43":{"start":{"line":233,"column":8},"end":{"line":233,"column":61}},"44":{"start":{"line":234,"column":8},"end":{"line":234,"column":40}},"45":{"start":{"line":239,"column":8},"end":{"line":239,"column":35}}},"branchMap":{"1":{"line":142,"type":"if","locations":[{"start":{"line":142,"column":8},"end":{"line":142,"column":8}},{"start":{"line":142,"column":8},"end":{"line":142,"column":8}}]},"2":{"line":144,"type":"if","locations":[{"start":{"line":144,"column":8},"end":{"line":144,"column":8}},{"start":{"line":144,"column":8},"end":{"line":144,"column":8}}]},"3":{"line":170,"type":"if","locations":[{"start":{"line":170,"column":8},"end":{"line":170,"column":8}},{"start":{"line":170,"column":8},"end":{"line":170,"column":8}}]},"4":{"line":181,"type":"if","locations":[{"start":{"line":181,"column":8},"end":{"line":181,"column":8}},{"start":{"line":181,"column":8},"end":{"line":181,"column":8}}]},"5":{"line":187,"type":"if","locations":[{"start":{"line":187,"column":8},"end":{"line":187,"column":8}},{"start":{"line":187,"column":8},"end":{"line":187,"column":8}}]},"6":{"line":204,"type":"if","locations":[{"start":{"line":204,"column":8},"end":{"line":204,"column":8}},{"start":{"line":204,"column":8},"end":{"line":204,"column":8}}]}}},"contracts\\lib\\RLP.sol":{"l":{"33":0,"35":0,"36":0,"37":0,"38":0,"39":0,"43":0,"44":0,"45":0,"49":0,"50":0,"59":0,"60":0,"61":0,"63":0,"64":0,"67":0,"75":0,"76":0,"77":0,"78":0,"80":0,"82":0,"84":0,"91":0,"98":0,"99":0,"100":0,"101":0,"110":0,"111":0,"112":0,"113":0,"122":0,"123":0,"124":0,"125":0,"126":0,"129":0,"136":0,"137":0,"138":0,"139":0,"140":0,"143":0,"144":0,"145":0,"146":0,"147":0,"148":0,"150":0,"157":0,"159":0,"160":0,"161":0,"168":0,"169":0,"170":0,"171":0,"172":0,"180":0,"182":0,"183":0,"184":0,"192":0,"194":0,"195":0,"196":0,"197":0,"198":0,"199":0,"200":0,"209":0,"211":0,"212":0,"213":0,"214":0,"222":0,"224":0,"225":0,"227":0,"237":0,"239":0,"240":0,"242":0,"243":0,"246":0,"248":0,"256":0,"258":0,"259":0,"261":0,"262":0,"265":0,"273":0,"281":0,"289":0,"291":0,"292":0,"294":0,"301":0,"302":0,"303":0,"304":0,"305":0,"308":0,"309":0,"310":0,"311":0,"312":0,"313":0,"314":0,"319":0,"320":0,"323":0,"324":0,"326":0,"328":0,"335":0,"337":0,"347":0,"349":0,"350":0,"351":0,"354":0,"355":0,"356":0,"357":0,"359":0,"360":0,"361":0,"363":0,"364":0,"367":0,"368":0,"370":0,"377":0,"400":0,"401":0,"402":0,"403":0,"407":0,"408":0,"409":0},"path":"D:/Baksteen/divisions/contracts/lib/RLP.sol","s":{"1":0,"2":0,"3":0,"4":0,"5":0,"6":0,"7":0,"8":0,"9":0,"10":0,"11":0,"12":0,"13":0,"14":0,"15":0,"16":0,"17":0,"18":0,"19":0,"20":0,"21":0,"22":0,"23":0,"24":0,"25":0,"26":0,"27":0,"28":0,"29":0,"30":0,"31":0,"32":0,"33":0,"34":0,"35":0,"36":0,"37":0,"38":0,"39":0,"40":0,"41":0,"42":0,"43":0,"44":0,"45":0,"46":0,"47":0,"48":0,"49":0,"50":0,"51":0,"52":0,"53":0,"54":0,"55":0,"56":0,"57":0,"58":0,"59":0,"60":0,"61":0,"62":0,"63":0,"64":0,"65":0,"66":0,"67":0,"68":0,"69":0,"70":0,"71":0,"72":0,"73":0,"74":0,"75":0,"76":0,"77":0,"78":0,"79":0,"80":0,"81":0,"82":0,"83":0,"84":0,"85":0,"86":0,"87":0,"88":0,"89":0,"90":0,"91":0,"92":0,"93":0,"94":0,"95":0,"96":0,"97":0,"98":0,"99":0,"100":0,"101":0,"102":0,"103":0,"104":0,"105":0,"106":0,"107":0,"108":0,"109":0,"110":0,"111":0,"112":0,"113":0,"114":0,"115":0},"b":{"1":[0,0],"2":[0,0],"3":[0,0],"4":[0,0],"5":[0,0],"6":[0,0],"7":[0,0],"8":[0,0],"9":[0,0],"10":[0,0],"11":[0,0],"12":[0,0],"13":[0,0],"14":[0,0],"15":[0,0],"16":[0,0],"17":[0,0],"18":[0,0],"19":[0,0],"20":[0,0],"21":[0,0],"22":[0,0],"23":[0,0],"24":[0,0],"25":[0,0],"26":[0,0],"27":[0,0],"28":[0,0],"29":[0,0],"30":[0,0],"31":[0,0],"32":[0,0],"33":[0,0],"34":[0,0],"35":[0,0],"36":[0,0],"37":[0,0]},"f":{"1":0,"2":0,"3":0,"4":0,"5":0,"6":0,"7":0,"8":0,"9":0,"10":0,"11":0,"12":0,"13":0,"14":0,"15":0,"16":0,"17":0,"18":0,"19":0,"20":0,"21":0,"22":0,"23":0,"24":0,"25":0,"26":0},"fnMap":{"1":{"name":"next","line":32,"loc":{"start":{"line":32,"column":4},"end":{"line":32,"column":84}}},"2":{"name":"next","line":42,"loc":{"start":{"line":42,"column":4},"end":{"line":42,"column":97}}},"3":{"name":"hasNext","line":48,"loc":{"start":{"line":48,"column":4},"end":{"line":48,"column":69}}},"4":{"name":"toRLPItem","line":58,"loc":{"start":{"line":58,"column":4},"end":{"line":58,"column":78}}},"5":{"name":"toRLPItem","line":74,"loc":{"start":{"line":74,"column":4},"end":{"line":74,"column":95}}},"6":{"name":"isNull","line":90,"loc":{"start":{"line":90,"column":4},"end":{"line":90,"column":75}}},"7":{"name":"isList","line":97,"loc":{"start":{"line":97,"column":4},"end":{"line":97,"column":75}}},"8":{"name":"isData","line":109,"loc":{"start":{"line":109,"column":4},"end":{"line":109,"column":75}}},"9":{"name":"isEmpty","line":121,"loc":{"start":{"line":121,"column":4},"end":{"line":121,"column":76}}},"10":{"name":"items","line":135,"loc":{"start":{"line":135,"column":4},"end":{"line":135,"column":70}}},"11":{"name":"iterator","line":156,"loc":{"start":{"line":156,"column":4},"end":{"line":156,"column":87}}},"12":{"name":"toBytes","line":167,"loc":{"start":{"line":167,"column":4},"end":{"line":167,"column":84}}},"13":{"name":"toData","line":179,"loc":{"start":{"line":179,"column":4},"end":{"line":179,"column":83}}},"14":{"name":"toList","line":191,"loc":{"start":{"line":191,"column":4},"end":{"line":191,"column":88}}},"15":{"name":"toAscii","line":208,"loc":{"start":{"line":208,"column":4},"end":{"line":208,"column":85}}},"16":{"name":"toUint","line":221,"loc":{"start":{"line":221,"column":4},"end":{"line":221,"column":76}}},"17":{"name":"toBool","line":236,"loc":{"start":{"line":236,"column":4},"end":{"line":236,"column":76}}},"18":{"name":"toByte","line":255,"loc":{"start":{"line":255,"column":4},"end":{"line":255,"column":76}}},"19":{"name":"toInt","line":272,"loc":{"start":{"line":272,"column":4},"end":{"line":272,"column":74}}},"20":{"name":"toBytes32","line":280,"loc":{"start":{"line":280,"column":4},"end":{"line":280,"column":82}}},"21":{"name":"toAddress","line":288,"loc":{"start":{"line":288,"column":4},"end":{"line":288,"column":82}}},"22":{"name":"_payloadOffset","line":300,"loc":{"start":{"line":300,"column":4},"end":{"line":300,"column":78}}},"23":{"name":"_itemLength","line":318,"loc":{"start":{"line":318,"column":4},"end":{"line":318,"column":71}}},"24":{"name":"_decode","line":346,"loc":{"start":{"line":346,"column":4},"end":{"line":346,"column":88}}},"25":{"name":"_copyToBytes","line":374,"loc":{"start":{"line":374,"column":4},"end":{"line":374,"column":84}}},"26":{"name":"_validate","line":398,"loc":{"start":{"line":398,"column":4},"end":{"line":398,"column":77}}}},"statementMap":{"1":{"start":{"line":33,"column":8},"end":{"line":33,"column":29}},"2":{"start":{"line":35,"column":8},"end":{"line":35,"column":38}},"3":{"start":{"line":36,"column":8},"end":{"line":36,"column":41}},"4":{"start":{"line":37,"column":8},"end":{"line":37,"column":35}},"5":{"start":{"line":38,"column":8},"end":{"line":38,"column":42}},"6":{"start":{"line":39,"column":8},"end":{"line":39,"column":46}},"7":{"start":{"line":43,"column":8},"end":{"line":43,"column":27}},"8":{"start":{"line":44,"column":8},"end":{"line":44,"column":44}},"9":{"start":{"line":45,"column":8},"end":{"line":45,"column":14}},"10":{"start":{"line":49,"column":8},"end":{"line":49,"column":36}},"11":{"start":{"line":50,"column":8},"end":{"line":50,"column":79}},"12":{"start":{"line":59,"column":8},"end":{"line":59,"column":29}},"13":{"start":{"line":60,"column":8},"end":{"line":60,"column":1930}},"14":{"start":{"line":61,"column":12},"end":{"line":61,"column":32}},"15":{"start":{"line":67,"column":8},"end":{"line":67,"column":35}},"16":{"start":{"line":75,"column":8},"end":{"line":75,"column":34}},"17":{"start":{"line":76,"column":8},"end":{"line":76,"column":2485}},"18":{"start":{"line":77,"column":12},"end":{"line":77,"column":33}},"19":{"start":{"line":78,"column":12},"end":{"line":78,"column":47}},"20":{"start":{"line":80,"column":12},"end":{"line":80,"column":59}},"21":{"start":{"line":82,"column":12},"end":{"line":82,"column":35}},"22":{"start":{"line":84,"column":8},"end":{"line":84,"column":19}},"23":{"start":{"line":91,"column":8},"end":{"line":91,"column":39}},"24":{"start":{"line":98,"column":8},"end":{"line":98,"column":3258}},"25":{"start":{"line":99,"column":12},"end":{"line":99,"column":24}},"26":{"start":{"line":100,"column":8},"end":{"line":100,"column":40}},"27":{"start":{"line":110,"column":8},"end":{"line":110,"column":3675}},"28":{"start":{"line":111,"column":12},"end":{"line":111,"column":24}},"29":{"start":{"line":112,"column":8},"end":{"line":112,"column":40}},"30":{"start":{"line":122,"column":8},"end":{"line":122,"column":4103}},"31":{"start":{"line":123,"column":12},"end":{"line":123,"column":24}},"32":{"start":{"line":125,"column":8},"end":{"line":125,"column":40}},"33":{"start":{"line":129,"column":8},"end":{"line":129,"column":65}},"34":{"start":{"line":136,"column":8},"end":{"line":136,"column":4575}},"35":{"start":{"line":137,"column":12},"end":{"line":137,"column":20}},"36":{"start":{"line":139,"column":8},"end":{"line":139,"column":40}},"37":{"start":{"line":143,"column":8},"end":{"line":143,"column":47}},"38":{"start":{"line":144,"column":8},"end":{"line":144,"column":51}},"39":{"start":{"line":146,"column":8},"end":{"line":146,"column":4875}},"40":{"start":{"line":147,"column":12},"end":{"line":147,"column":34}},"41":{"start":{"line":150,"column":8},"end":{"line":150,"column":19}},"42":{"start":{"line":157,"column":8},"end":{"line":157,"column":28}},"43":{"start":{"line":159,"column":8},"end":{"line":159,"column":60}},"44":{"start":{"line":160,"column":8},"end":{"line":160,"column":29}},"45":{"start":{"line":161,"column":8},"end":{"line":161,"column":31}},"46":{"start":{"line":168,"column":8},"end":{"line":168,"column":37}},"47":{"start":{"line":169,"column":8},"end":{"line":169,"column":5647}},"48":{"start":{"line":170,"column":12},"end":{"line":170,"column":18}},"49":{"start":{"line":171,"column":8},"end":{"line":171,"column":27}},"50":{"start":{"line":172,"column":8},"end":{"line":172,"column":50}},"51":{"start":{"line":180,"column":8},"end":{"line":180,"column":28}},"52":{"start":{"line":182,"column":8},"end":{"line":182,"column":44}},"53":{"start":{"line":183,"column":8},"end":{"line":183,"column":27}},"54":{"start":{"line":184,"column":8},"end":{"line":184,"column":40}},"55":{"start":{"line":192,"column":8},"end":{"line":192,"column":28}},"56":{"start":{"line":194,"column":8},"end":{"line":194,"column":34}},"57":{"start":{"line":195,"column":8},"end":{"line":195,"column":37}},"58":{"start":{"line":196,"column":8},"end":{"line":196,"column":31}},"59":{"start":{"line":198,"column":8},"end":{"line":198,"column":6701}},"60":{"start":{"line":199,"column":12},"end":{"line":199,"column":31}},"61":{"start":{"line":209,"column":8},"end":{"line":209,"column":28}},"62":{"start":{"line":211,"column":8},"end":{"line":211,"column":44}},"63":{"start":{"line":212,"column":8},"end":{"line":212,"column":40}},"64":{"start":{"line":213,"column":8},"end":{"line":213,"column":40}},"65":{"start":{"line":214,"column":8},"end":{"line":214,"column":24}},"66":{"start":{"line":222,"column":8},"end":{"line":222,"column":28}},"67":{"start":{"line":224,"column":8},"end":{"line":224,"column":44}},"68":{"start":{"line":225,"column":8},"end":{"line":225,"column":37}},"69":{"start":{"line":237,"column":8},"end":{"line":237,"column":28}},"70":{"start":{"line":239,"column":8},"end":{"line":239,"column":44}},"71":{"start":{"line":240,"column":8},"end":{"line":240,"column":24}},"72":{"start":{"line":246,"column":8},"end":{"line":246,"column":25}},"73":{"start":{"line":248,"column":8},"end":{"line":248,"column":39}},"74":{"start":{"line":256,"column":8},"end":{"line":256,"column":28}},"75":{"start":{"line":258,"column":8},"end":{"line":258,"column":44}},"76":{"start":{"line":259,"column":8},"end":{"line":259,"column":24}},"77":{"start":{"line":265,"column":8},"end":{"line":265,"column":25}},"78":{"start":{"line":273,"column":8},"end":{"line":273,"column":32}},"79":{"start":{"line":281,"column":8},"end":{"line":281,"column":36}},"80":{"start":{"line":289,"column":8},"end":{"line":289,"column":28}},"81":{"start":{"line":291,"column":8},"end":{"line":291,"column":44}},"82":{"start":{"line":292,"column":8},"end":{"line":292,"column":25}},"83":{"start":{"line":301,"column":8},"end":{"line":301,"column":10131}},"84":{"start":{"line":302,"column":12},"end":{"line":302,"column":20}},"85":{"start":{"line":304,"column":8},"end":{"line":304,"column":40}},"86":{"start":{"line":308,"column":8},"end":{"line":308,"column":10327}},"87":{"start":{"line":309,"column":12},"end":{"line":309,"column":20}},"88":{"start":{"line":310,"column":8},"end":{"line":310,"column":10385}},"89":{"start":{"line":311,"column":12},"end":{"line":311,"column":20}},"90":{"start":{"line":312,"column":8},"end":{"line":312,"column":10518}},"91":{"start":{"line":313,"column":12},"end":{"line":313,"column":44}},"92":{"start":{"line":314,"column":8},"end":{"line":314,"column":40}},"93":{"start":{"line":323,"column":8},"end":{"line":323,"column":10828}},"94":{"start":{"line":324,"column":12},"end":{"line":324,"column":18}},"95":{"start":{"line":325,"column":13},"end":{"line":325,"column":10891}},"96":{"start":{"line":326,"column":12},"end":{"line":326,"column":42}},"97":{"start":{"line":327,"column":13},"end":{"line":327,"column":10977}},"98":{"start":{"line":334,"column":13},"end":{"line":334,"column":11308}},"99":{"start":{"line":335,"column":12},"end":{"line":335,"column":42}},"100":{"start":{"line":347,"column":8},"end":{"line":347,"column":28}},"101":{"start":{"line":350,"column":8},"end":{"line":350,"column":39}},"102":{"start":{"line":354,"column":8},"end":{"line":354,"column":12026}},"103":{"start":{"line":355,"column":12},"end":{"line":355,"column":25}},"104":{"start":{"line":356,"column":12},"end":{"line":356,"column":18}},"105":{"start":{"line":357,"column":12},"end":{"line":357,"column":18}},"106":{"start":{"line":359,"column":8},"end":{"line":359,"column":12147}},"107":{"start":{"line":360,"column":12},"end":{"line":360,"column":40}},"108":{"start":{"line":361,"column":12},"end":{"line":361,"column":29}},"109":{"start":{"line":367,"column":12},"end":{"line":367,"column":47}},"110":{"start":{"line":368,"column":12},"end":{"line":368,"column":36}},"111":{"start":{"line":370,"column":8},"end":{"line":370,"column":14}},"112":{"start":{"line":402,"column":8},"end":{"line":402,"column":40}},"113":{"start":{"line":407,"column":8},"end":{"line":407,"column":13916}},"114":{"start":{"line":408,"column":12},"end":{"line":408,"column":24}},"115":{"start":{"line":409,"column":8},"end":{"line":409,"column":19}}},"branchMap":{"1":{"line":33,"type":"if","locations":[{"start":{"line":33,"column":8},"end":{"line":33,"column":8}},{"start":{"line":33,"column":8},"end":{"line":33,"column":8}}]},"2":{"line":44,"type":"if","locations":[{"start":{"line":44,"column":8},"end":{"line":44,"column":8}},{"start":{"line":44,"column":8},"end":{"line":44,"column":8}}]},"3":{"line":60,"type":"if","locations":[{"start":{"line":60,"column":8},"end":{"line":60,"column":8}},{"start":{"line":60,"column":8},"end":{"line":60,"column":8}}]},"4":{"line":76,"type":"if","locations":[{"start":{"line":76,"column":8},"end":{"line":76,"column":8}},{"start":{"line":76,"column":8},"end":{"line":76,"column":8}}]},"5":{"line":78,"type":"if","locations":[{"start":{"line":78,"column":12},"end":{"line":78,"column":12}},{"start":{"line":78,"column":12},"end":{"line":78,"column":12}}]},"6":{"line":80,"type":"if","locations":[{"start":{"line":80,"column":12},"end":{"line":80,"column":12}},{"start":{"line":80,"column":12},"end":{"line":80,"column":12}}]},"7":{"line":82,"type":"if","locations":[{"start":{"line":82,"column":12},"end":{"line":82,"column":12}},{"start":{"line":82,"column":12},"end":{"line":82,"column":12}}]},"8":{"line":98,"type":"if","locations":[{"start":{"line":98,"column":8},"end":{"line":98,"column":8}},{"start":{"line":98,"column":8},"end":{"line":98,"column":8}}]},"9":{"line":110,"type":"if","locations":[{"start":{"line":110,"column":8},"end":{"line":110,"column":8}},{"start":{"line":110,"column":8},"end":{"line":110,"column":8}}]},"10":{"line":122,"type":"if","locations":[{"start":{"line":122,"column":8},"end":{"line":122,"column":8}},{"start":{"line":122,"column":8},"end":{"line":122,"column":8}}]},"11":{"line":136,"type":"if","locations":[{"start":{"line":136,"column":8},"end":{"line":136,"column":8}},{"start":{"line":136,"column":8},"end":{"line":136,"column":8}}]},"12":{"line":157,"type":"if","locations":[{"start":{"line":157,"column":8},"end":{"line":157,"column":8}},{"start":{"line":157,"column":8},"end":{"line":157,"column":8}}]},"13":{"line":169,"type":"if","locations":[{"start":{"line":169,"column":8},"end":{"line":169,"column":8}},{"start":{"line":169,"column":8},"end":{"line":169,"column":8}}]},"14":{"line":180,"type":"if","locations":[{"start":{"line":180,"column":8},"end":{"line":180,"column":8}},{"start":{"line":180,"column":8},"end":{"line":180,"column":8}}]},"15":{"line":192,"type":"if","locations":[{"start":{"line":192,"column":8},"end":{"line":192,"column":8}},{"start":{"line":192,"column":8},"end":{"line":192,"column":8}}]},"16":{"line":209,"type":"if","locations":[{"start":{"line":209,"column":8},"end":{"line":209,"column":8}},{"start":{"line":209,"column":8},"end":{"line":209,"column":8}}]},"17":{"line":222,"type":"if","locations":[{"start":{"line":222,"column":8},"end":{"line":222,"column":8}},{"start":{"line":222,"column":8},"end":{"line":222,"column":8}}]},"18":{"line":225,"type":"if","locations":[{"start":{"line":225,"column":8},"end":{"line":225,"column":8}},{"start":{"line":225,"column":8},"end":{"line":225,"column":8}}]},"19":{"line":237,"type":"if","locations":[{"start":{"line":237,"column":8},"end":{"line":237,"column":8}},{"start":{"line":237,"column":8},"end":{"line":237,"column":8}}]},"20":{"line":240,"type":"if","locations":[{"start":{"line":240,"column":8},"end":{"line":240,"column":8}},{"start":{"line":240,"column":8},"end":{"line":240,"column":8}}]},"21":{"line":246,"type":"if","locations":[{"start":{"line":246,"column":8},"end":{"line":246,"column":8}},{"start":{"line":246,"column":8},"end":{"line":246,"column":8}}]},"22":{"line":256,"type":"if","locations":[{"start":{"line":256,"column":8},"end":{"line":256,"column":8}},{"start":{"line":256,"column":8},"end":{"line":256,"column":8}}]},"23":{"line":259,"type":"if","locations":[{"start":{"line":259,"column":8},"end":{"line":259,"column":8}},{"start":{"line":259,"column":8},"end":{"line":259,"column":8}}]},"24":{"line":289,"type":"if","locations":[{"start":{"line":289,"column":8},"end":{"line":289,"column":8}},{"start":{"line":289,"column":8},"end":{"line":289,"column":8}}]},"25":{"line":292,"type":"if","locations":[{"start":{"line":292,"column":8},"end":{"line":292,"column":8}},{"start":{"line":292,"column":8},"end":{"line":292,"column":8}}]},"26":{"line":301,"type":"if","locations":[{"start":{"line":301,"column":8},"end":{"line":301,"column":8}},{"start":{"line":301,"column":8},"end":{"line":301,"column":8}}]},"27":{"line":308,"type":"if","locations":[{"start":{"line":308,"column":8},"end":{"line":308,"column":8}},{"start":{"line":308,"column":8},"end":{"line":308,"column":8}}]},"28":{"line":310,"type":"if","locations":[{"start":{"line":310,"column":8},"end":{"line":310,"column":8}},{"start":{"line":310,"column":8},"end":{"line":310,"column":8}}]},"29":{"line":312,"type":"if","locations":[{"start":{"line":312,"column":8},"end":{"line":312,"column":8}},{"start":{"line":312,"column":8},"end":{"line":312,"column":8}}]},"30":{"line":323,"type":"if","locations":[{"start":{"line":323,"column":8},"end":{"line":323,"column":8}},{"start":{"line":323,"column":8},"end":{"line":323,"column":8}}]},"31":{"line":325,"type":"if","locations":[{"start":{"line":325,"column":13},"end":{"line":325,"column":13}},{"start":{"line":325,"column":13},"end":{"line":325,"column":13}}]},"32":{"line":327,"type":"if","locations":[{"start":{"line":327,"column":13},"end":{"line":327,"column":13}},{"start":{"line":327,"column":13},"end":{"line":327,"column":13}}]},"33":{"line":334,"type":"if","locations":[{"start":{"line":334,"column":13},"end":{"line":334,"column":13}},{"start":{"line":334,"column":13},"end":{"line":334,"column":13}}]},"34":{"line":347,"type":"if","locations":[{"start":{"line":347,"column":8},"end":{"line":347,"column":8}},{"start":{"line":347,"column":8},"end":{"line":347,"column":8}}]},"35":{"line":354,"type":"if","locations":[{"start":{"line":354,"column":8},"end":{"line":354,"column":8}},{"start":{"line":354,"column":8},"end":{"line":354,"column":8}}]},"36":{"line":359,"type":"if","locations":[{"start":{"line":359,"column":8},"end":{"line":359,"column":8}},{"start":{"line":359,"column":8},"end":{"line":359,"column":8}}]},"37":{"line":407,"type":"if","locations":[{"start":{"line":407,"column":8},"end":{"line":407,"column":8}},{"start":{"line":407,"column":8},"end":{"line":407,"column":8}}]}}}}